<?xml version="1.0" encoding="UTF-8"?>
<TestRun id="d4d08306-3fdc-4cdc-a607-ca7f3ce61b90" name="Ivan Oliveri@IVANOLIVERI-PC 2013-10-19 00:59:13" runUser="IvanOliveri-PC\Ivan Oliveri" xmlns="http://microsoft.com/schemas/VisualStudio/TeamTest/2010">
  <TestSettings name="Local" id="6b37e41e-5d41-4cba-bd50-32b3bbaeff00">
    <Description>These are default test settings for a local test run.</Description>
    <Deployment userDeploymentRoot="C:\Users\Ivan Oliveri\Documents\Visual Studio 2010\Projects\TP-Matematica-Superior\TestResults" useDefaultDeploymentRoot="false" enabled="false" runDeploymentRoot="Ivan Oliveri_IVANOLIVERI-PC 2013-10-19 00_59_13">
      <DeploymentItem filename="C:\Users\Ivan Oliveri\Documents\Visual Studio 2010\Projects\TP-Matematica-Superior\Domain\bin\Debug\DomainTwo.dll" />
    </Deployment>
    <Execution>
      <TestTypeSpecific />
      <AgentRule name="Execution Agents">
      </AgentRule>
    </Execution>
  </TestSettings>
  <Times creation="2013-10-19T00:59:13.1738571-03:00" queuing="2013-10-19T00:59:13.7519821-03:00" start="2013-10-19T00:59:13.9082321-03:00" finish="2013-10-19T00:59:14.6269821-03:00" />
  <ResultSummary outcome="Failed">
    <Counters total="1" executed="1" error="0" failed="1" timeout="0" aborted="0" inconclusive="0" passedButRunAborted="0" notRunnable="0" notExecuted="0" disconnected="0" warning="0" passed="0" completed="0" inProgress="0" pending="0" />
    <RunInfos>
      <RunInfo computerName="IVANOLIVERI-PC" outcome="Warning" timestamp="2013-10-19T00:59:14.8301071-03:00">
        <Text>Could not obtain result files from 'C:\Users\Ivan Oliveri\Documents\Visual Studio 2010\Projects\TP-Matematica-Superior\TestResults\Ivan Oliveri_IVANOLIVERI-PC 2013-10-19 00_59_13\In'.</Text>
        <Exception>System.UnauthorizedAccessException: Access to the path 'C:\Users\Ivan Oliveri\Documents\Visual Studio 2010\Projects\TP-Matematica-Superior\TestResults\Ivan Oliveri_IVANOLIVERI-PC 2013-10-19 00_59_13\In\IVANOLIVERI-PC\' is denied.
   at System.IO.__Error.WinIOError(Int32 errorCode, String maybeFullPath)
   at System.IO.FileSystemEnumerableIterator`1.CommonInit()
   at System.IO.FileSystemEnumerableIterator`1..ctor(String path, String originalUserPath, String searchPattern, SearchOption searchOption, SearchResultHandler`1 resultHandler)
   at System.IO.Directory.InternalGetFileDirectoryNames(String path, String userPathOriginal, String searchPattern, Boolean includeFiles, Boolean includeDirs, SearchOption searchOption)
   at System.IO.Directory.GetFiles(String path)
   at Microsoft.VisualStudio.TestTools.Common.DirectoryTree.GetAllFiles()
   at Microsoft.VisualStudio.TestTools.Common.DirectoryTree.GetAllFiles()
   at Microsoft.VisualStudio.TestTools.TestManagement.Tmi.UpdateTestRunAndTestCaseResults(TestRun testRun)</Exception>
      </RunInfo>
    </RunInfos>
  </ResultSummary>
  <TestDefinitions>
    <UnitTest name="TestMethod1" storage="c:\users\ivan oliveri\documents\visual studio 2010\projects\tp-matematica-superior\test\bin\debug\test.dll" id="707bcfc9-d063-e500-2293-a82fb1ce8456">
      <Execution id="3f178813-706e-43f1-ad62-043d0824b94a" />
      <TestMethod codeBase="C:/Users/Ivan Oliveri/Documents/Visual Studio 2010/Projects/TP-Matematica-Superior/Test/bin/Debug/Test.DLL" adapterTypeName="Microsoft.VisualStudio.TestTools.TestTypes.Unit.UnitTestAdapter, Microsoft.VisualStudio.QualityTools.Tips.UnitTest.Adapter, Version=10.0.0.0, Culture=neutral, PublicKeyToken=b03f5f7f11d50a3a" className="Test.ProgressiveDifferencesTest, Test, Version=1.0.0.0, Culture=neutral, PublicKeyToken=null" name="TestMethod1" />
    </UnitTest>
  </TestDefinitions>
  <TestLists>
    <TestList name="Results Not in a List" id="8c84fa94-04c1-424b-9868-57a2d4851a1d" />
    <TestList name="All Loaded Results" id="19431567-8539-422a-85d7-44ee4e166bda" />
  </TestLists>
  <TestEntries>
    <TestEntry testId="707bcfc9-d063-e500-2293-a82fb1ce8456" executionId="3f178813-706e-43f1-ad62-043d0824b94a" testListId="8c84fa94-04c1-424b-9868-57a2d4851a1d" />
  </TestEntries>
  <Results>
    <UnitTestResult executionId="3f178813-706e-43f1-ad62-043d0824b94a" testId="707bcfc9-d063-e500-2293-a82fb1ce8456" testName="TestMethod1" computerName="IVANOLIVERI-PC" duration="00:00:00.0604794" startTime="2013-10-19T00:59:13.9238571-03:00" endTime="2013-10-19T00:59:14.2363571-03:00" testType="13cdc9d9-ddb5-4fa4-a97d-d965ccfc6d4b" outcome="Failed" testListId="8c84fa94-04c1-424b-9868-57a2d4851a1d" relativeResultsDirectory="3f178813-706e-43f1-ad62-043d0824b94a">
      <Output>
        <ErrorInfo>
          <Message>Test method Test.ProgressiveDifferencesTest.TestMethod1 threw exception: 
System.ArgumentOutOfRangeException: Index was out of range. Must be non-negative and less than the size of the collection.
Parameter name: index</Message>
          <StackTrace>    at System.ThrowHelper.ThrowArgumentOutOfRangeException()
   at System.Collections.Generic.List`1.get_Item(Int32 index)
   at System.Linq.Enumerable.ElementAt[TSource](IEnumerable`1 source, Int32 index)
   at Domain.InterpolatingPolynomial.calculateProgressiveDifferencesOfOrdenedPairs(Int32 maxOrder) in C:\Users\Ivan Oliveri\Documents\Visual Studio 2010\Projects\TP-Matematica-Superior\Domain\InterpolatingPolynomial.cs:line 40
   at Test.ProgressiveDifferencesTest.TestMethod1() in C:\Users\Ivan Oliveri\Documents\Visual Studio 2010\Projects\TP-Matematica-Superior\Test\ProgressiveDifferencesTest.cs:line 32
</StackTrace>
        </ErrorInfo>
      </Output>
    </UnitTestResult>
  </Results>
</TestRun>